libs/SalesforceAnalytics/build/outputs/logs/manifest-merger-debug-report.txt
-- Merging decision tree log ---
manifest
ADDED from libs\SalesforceAnalytics\AndroidManifest.xml:3:1-15:12
INJECTED from libs\SalesforceAnalytics\AndroidManifest.xml:3:1-15:12
INJECTED from libs\SalesforceAnalytics\AndroidManifest.xml:3:1-15:12
INJECTED from libs\SalesforceAnalytics\AndroidManifest.xml:3:1-15:12
INJECTED from libs\SalesforceAnalytics\AndroidManifest.xml:3:1-15:12
INJECTED from libs\SalesforceAnalytics\AndroidManifest.xml:3:1-15:12
INJECTED from libs\SalesforceAnalytics\AndroidManifest.xml:3:1-15:12
	package
		ADDED from libs\SalesforceAnalytics\AndroidManifest.xml:4:2-47
		INJECTED from libs\SalesforceAnalytics\AndroidManifest.xml
		INJECTED from libs\SalesforceAnalytics\AndroidManifest.xml
	android:versionName
		ADDED from libs\SalesforceAnalytics\AndroidManifest.xml:6:2-29
		INJECTED from libs\SalesforceAnalytics\AndroidManifest.xml
		INJECTED from libs\SalesforceAnalytics\AndroidManifest.xml
	xmlns:android
		ADDED from libs\SalesforceAnalytics\AndroidManifest.xml:3:11-69
	android:versionCode
		ADDED from libs\SalesforceAnalytics\AndroidManifest.xml:5:2-26
		INJECTED from libs\SalesforceAnalytics\AndroidManifest.xml
		INJECTED from libs\SalesforceAnalytics\AndroidManifest.xml
uses-permission#android.permission.INTERNET
ADDED from libs\SalesforceAnalytics\AndroidManifest.xml:8:2-64
	android:name
		ADDED from libs\SalesforceAnalytics\AndroidManifest.xml:8:19-61
uses-permission#android.permission.ACCESS_NETWORK_STATE
ADDED from libs\SalesforceAnalytics\AndroidManifest.xml:9:2-76
	android:name
		ADDED from libs\SalesforceAnalytics\AndroidManifest.xml:9:19-73
uses-sdk
ADDED from libs\SalesforceAnalytics\AndroidManifest.xml:11:5-12:41
	android:targetSdkVersion
		ADDED from libs\SalesforceAnalytics\AndroidManifest.xml:12:9-38
	android:minSdkVersion
		ADDED from libs\SalesforceAnalytics\AndroidManifest.xml:11:15-41
application
ADDED from libs\SalesforceAnalytics\AndroidManifest.xml:14:5-20